diff --git a/.changeset/config.json b/.changeset/config.json
index 1f61913..6bfa7f4 100644
--- a/.changeset/config.json
+++ b/.changeset/config.json
@@ -1,5 +1,5 @@
 {
-  "$schema": "https://unpkg.com/@changesets/config@3.1.1/schema.json",
+  "": "https://unpkg.com/@changesets/config@3.1.1/schema.json",
   "changelog": "@changesets/cli/changelog",
   "commit": false,
   "fixed": [],
@@ -7,7 +7,10 @@
   "access": "public",
   "baseBranch": "main",
   "tag": "latest",
-  "tagFormat": "v${version}",
+  "tagFormat": "v",
   "updateInternalDependencies": "patch",
-  "ignore": []
+  "ignore": [],
+  "___experimentalUnsafeOptions_WILL_CHANGE_IN_PATCH": {
+    "onlyUpdatePeerDependentsWhenOutOfRange": true
+  }
 }
diff --git a/.github/workflows/release.yml b/.github/workflows/release.yml
index 4a148b3..ec40ad9 100644
--- a/.github/workflows/release.yml
+++ b/.github/workflows/release.yml
@@ -24,20 +24,35 @@ jobs:
           registry-url: 'https://npm.pkg.github.com'
           scope: '@codeiqlabs'
 
-      - name: Install
+      - name: Install dependencies
         run: npm ci
 
+      - name: Build package
+        run: npm run build
+
+      - name: Run tests
+        run: npm test
+
       # Will either:
       #  - open/refresh a "Version Packages" PR when there are pending changesets, or
       #  - publish after that PR is merged (creating a Git tag + GitHub Release).
       - name: Create release PR or publish
+        id: changesets
         uses: changesets/action@v1
         with:
-          publish: npm publish
+          publish: npm run release
+          title: "Version Packages"
+          commit: "Version Packages"
         env:
           GITHUB_TOKEN: ${{ secrets.GITHUB_TOKEN }}
           NODE_AUTH_TOKEN: ${{ secrets.GITHUB_TOKEN }}
 
+      - name: Send release notification
+        if: steps.changesets.outputs.published == 'true'
+        run: |
+          echo "🚀 Package published successfully!"
+          echo "Published packages: ${{ steps.changesets.outputs.publishedPackages }}"
+
       # Optional debugging
       - name: Who am I?
         if: always()
diff --git a/package.json b/package.json
index 44b43c7..a0af842 100644
--- a/package.json
+++ b/package.json
@@ -45,6 +45,9 @@
     "format": "prettier . --write",
     "format:check": "prettier . --check",
     "changeset": "changeset",
+    "changeset:version": "changeset version",
+    "changeset:status": "changeset status",
+    "changeset:check": "find .changeset -name '*.md' ! -name 'README.md' ! -name 'RELEASE_TEMPLATE.md' | wc -l",
     "clean": "rimraf dist",
     "build:esm": "tsc -p tsconfig.esm.json",
     "build:cjs": "tsc -p tsconfig.cjs.json",
